QuestaSim-64 vcom 2023.2_2 Compiler 2023.06 Jun  9 2023
Start time: 05:38:25 on May 02,2024
vcom -2008 -work internal/ModelSimContainer/work proj/src/MIPS_types.vhd internal/testpy/tb.vhd proj/src/MIPS_types.vhd proj/src/TopLevel/MIPS_Processor.vhd proj/src/TopLevel/alu.vhd proj/src/TopLevel/PC.vhd proj/src/TopLevel/control.vhd proj/src/TopLevel/tb_fetch.vhd proj/src/TopLevel/tb_barrel_shifter.vhd proj/src/TopLevel/addersubtractor_N.vhd proj/src/TopLevel/tb_pc.vhd proj/src/TopLevel/tb_control.vhd proj/src/TopLevel/mem.vhd proj/src/TopLevel/temp.vhd proj/src/TopLevel/tb_alu.vhd proj/src/TopLevel/fetch.vhd proj/src/TopLevel/registerfile.vhd proj/src/TopLevel/barrel_shifter.vhd proj/src/Previous/fulladder_N.vhd proj/src/Previous/invg.vhd proj/src/Previous/mux2t1_N.vhd proj/src/Previous/fulladder1bit.vhd proj/src/Previous/mux2t1.vhd proj/src/Previous/andg2.vhd proj/src/Previous/n_bit_reg.vhd proj/src/Previous/xorg2.vhd proj/src/Previous/decoder_5to32.vhd proj/src/Previous/org2.vhd proj/src/Previous/dffg.vhd proj/src/Previous/onescomp_N.vhd proj/src/Previous/mux32to1.vhd proj/src/Previous/bit_width_extender.vhd 
-- Loading package STANDARD
-- Loading package TEXTIO
-- Loading package std_logic_1164
-- Compiling package MIPS_types
-- Compiling package body MIPS_types
-- Loading package MIPS_types
-- Loading package std_logic_textio
-- Loading package ENV
-- Compiling entity tb
-- Compiling architecture mixed of tb
** Warning: proj/src/MIPS_types.vhd(15): (vcom-1615) Existing package 'MIPS_types' at line 15 will be overwritten.
-- Compiling package MIPS_types
** Warning: proj/src/MIPS_types.vhd(31): (vcom-1615) Existing package body 'MIPS_types(body)' at line 31 will be overwritten.
-- Compiling package body MIPS_types
-- Loading package MIPS_types
-- Loading package MIPS_types
-- Compiling entity MIPS_Processor
-- Compiling architecture structure of MIPS_Processor
-- Loading package NUMERIC_STD
-- Compiling entity ALU
-- Compiling architecture structural of ALU
-- Compiling entity PC
-- Compiling architecture structural of PC
-- Compiling entity control
-- Compiling architecture behavioral of control
-- Compiling entity FetchLogic_tb
-- Compiling architecture testbench of FetchLogic_tb
-- Compiling entity tb_barrel_shifter
-- Compiling architecture tb_arch of tb_barrel_shifter
-- Compiling entity addersubtractor_N
-- Compiling architecture mixed of addersubtractor_N
-- Compiling entity pc_tb
-- Compiling architecture tb_arch of pc_tb
-- Compiling entity control_tb
-- Compiling architecture tb_arch of control_tb
-- Compiling entity mem
-- Compiling architecture rtl of mem
-- Compiling entity alu_tb
-- Compiling architecture tb_arch of alu_tb
-- Compiling entity FetchLogic
-- Compiling architecture structural of FetchLogic
-- Compiling entity mips_reg_file
-- Compiling architecture structural of mips_reg_file
-- Compiling entity barrel_shifter
-- Compiling architecture mixed of barrel_shifter
-- Compiling entity fulladder_N
-- Compiling architecture structural of fulladder_N
-- Compiling entity invg
-- Compiling architecture dataflow of invg
-- Compiling entity mux2t1_N
-- Compiling architecture structural of mux2t1_N
-- Compiling entity fulladder1bit
-- Compiling architecture structural of fulladder1bit
-- Compiling entity mux2t1
-- Compiling architecture ckt1 of mux2t1
-- Compiling entity andg2
-- Compiling architecture dataflow of andg2
-- Compiling entity n_bit_reg
-- Compiling architecture structural of n_bit_reg
-- Compiling entity xorg2
-- Compiling architecture dataflow of xorg2
-- Compiling entity decoder_5to32
-- Compiling architecture behavioral of decoder_5to32
-- Compiling entity org2
-- Compiling architecture dataflow of org2
-- Compiling entity dffg
-- Compiling architecture mixed of dffg
-- Compiling entity onescomp_N
-- Compiling architecture structural of onescomp_N
-- Compiling entity mux32to1
-- Compiling architecture dataflow of mux32to1
-- Compiling entity bit_width_extender
-- Compiling architecture behavioral of bit_width_extender
** Warning: proj/src/Previous/bit_width_extender.vhd(18): (vcom-1514) Range choice direction (downto) does not determine aggregate index range direction (to).
** Warning: proj/src/Previous/bit_width_extender.vhd(21): (vcom-1514) Range choice direction (downto) does not determine aggregate index range direction (to).
End time: 05:38:25 on May 02,2024, Elapsed time: 0:00:00
Errors: 0, Warnings: 4
